[0.061s] DEBUG:colcon:Command line arguments: ['/usr/bin/colcon', 'build', '--packages-select', 'rsn']
[0.061s] DEBUG:colcon:Parsed command line arguments: Namespace(log_base=None, log_level=None, verb_name='build', build_base='build', install_base='install', merge_install=False, symlink_install=False, test_result_base=None, continue_on_error=False, executor='parallel', parallel_workers=16, event_handlers=None, ignore_user_meta=False, metas=['./colcon.meta'], base_paths=['.'], packages_ignore=None, packages_ignore_regex=None, paths=None, packages_up_to=None, packages_up_to_regex=None, packages_above=None, packages_above_and_dependencies=None, packages_above_depth=None, packages_select_by_dep=None, packages_skip_by_dep=None, packages_skip_up_to=None, packages_select_build_failed=False, packages_skip_build_finished=False, packages_select_test_failures=False, packages_skip_test_passed=False, packages_select=['rsn'], packages_skip=None, packages_select_regex=None, packages_skip_regex=None, packages_start=None, packages_end=None, allow_overriding=[], cmake_args=None, cmake_target=None, cmake_target_skip_unavailable=False, cmake_clean_cache=False, cmake_clean_first=False, cmake_force_configure=False, ament_cmake_args=None, catkin_cmake_args=None, catkin_skip_building_tests=False, mixin_files=None, mixin=None, verb_parser=<colcon_mixin.mixin.mixin_argument.MixinArgumentDecorator object at 0x77a77c398400>, verb_extension=<colcon_core.verb.build.BuildVerb object at 0x77a77c30da50>, main=<bound method BuildVerb.main of <colcon_core.verb.build.BuildVerb object at 0x77a77c30da50>>, mixin_verb=('build',))
[0.165s] Level 1:colcon.colcon_core.package_discovery:discover_packages(colcon_meta) check parameters
[0.165s] Level 1:colcon.colcon_core.package_discovery:discover_packages(recursive) check parameters
[0.165s] Level 1:colcon.colcon_core.package_discovery:discover_packages(ignore) check parameters
[0.165s] Level 1:colcon.colcon_core.package_discovery:discover_packages(path) check parameters
[0.165s] Level 1:colcon.colcon_core.package_discovery:discover_packages(colcon_meta) discover
[0.165s] Level 1:colcon.colcon_core.package_discovery:discover_packages(recursive) discover
[0.165s] INFO:colcon.colcon_core.package_discovery:Crawling recursively for packages in '/home/huitao/ros2_ws/src/rsn'
[0.165s] Level 1:colcon.colcon_core.package_identification:_identify(.) by extensions ['ignore', 'ignore_ament_install']
[0.165s] Level 1:colcon.colcon_core.package_identification:_identify(.) by extension 'ignore'
[0.165s] Level 1:colcon.colcon_core.package_identification:_identify(.) by extension 'ignore_ament_install'
[0.165s] Level 1:colcon.colcon_core.package_identification:_identify(.) by extensions ['colcon_pkg']
[0.165s] Level 1:colcon.colcon_core.package_identification:_identify(.) by extension 'colcon_pkg'
[0.165s] Level 1:colcon.colcon_core.package_identification:_identify(.) by extensions ['colcon_meta']
[0.165s] Level 1:colcon.colcon_core.package_identification:_identify(.) by extension 'colcon_meta'
[0.165s] Level 1:colcon.colcon_core.package_identification:_identify(.) by extensions ['ros']
[0.165s] Level 1:colcon.colcon_core.package_identification:_identify(.) by extension 'ros'
[0.176s] DEBUG:colcon.colcon_core.package_identification:Package '.' with type 'ros.ament_python' and name 'rsn'
[0.176s] Level 1:colcon.colcon_core.package_discovery:discover_packages(recursive) using defaults
[0.176s] Level 1:colcon.colcon_core.package_discovery:discover_packages(ignore) discover
[0.176s] Level 1:colcon.colcon_core.package_discovery:discover_packages(ignore) using defaults
[0.176s] Level 1:colcon.colcon_core.package_discovery:discover_packages(path) discover
[0.176s] Level 1:colcon.colcon_core.package_discovery:discover_packages(path) using defaults
[0.187s] Level 1:colcon.colcon_core.package_discovery:discover_packages(prefix_path) check parameters
[0.187s] Level 1:colcon.colcon_core.package_discovery:discover_packages(prefix_path) discover
[0.189s] DEBUG:colcon.colcon_installed_package_information.package_discovery:Found 13 installed packages in /home/huitao/dev_ws/install
[0.189s] DEBUG:colcon.colcon_installed_package_information.package_discovery:Found 1 installed packages in /home/huitao/ros2_ws/install
[0.189s] DEBUG:colcon.colcon_installed_package_information.package_discovery:Found 1 installed packages in /home/huitao/install
[0.190s] DEBUG:colcon.colcon_installed_package_information.package_discovery:Found 440 installed packages in /opt/ros/humble
[0.192s] Level 1:colcon.colcon_core.package_discovery:discover_packages(prefix_path) using defaults
[0.222s] Level 5:colcon.colcon_core.verb:set package 'rsn' build argument 'cmake_args' from command line to 'None'
[0.222s] Level 5:colcon.colcon_core.verb:set package 'rsn' build argument 'cmake_target' from command line to 'None'
[0.222s] Level 5:colcon.colcon_core.verb:set package 'rsn' build argument 'cmake_target_skip_unavailable' from command line to 'False'
[0.222s] Level 5:colcon.colcon_core.verb:set package 'rsn' build argument 'cmake_clean_cache' from command line to 'False'
[0.222s] Level 5:colcon.colcon_core.verb:set package 'rsn' build argument 'cmake_clean_first' from command line to 'False'
[0.222s] Level 5:colcon.colcon_core.verb:set package 'rsn' build argument 'cmake_force_configure' from command line to 'False'
[0.222s] Level 5:colcon.colcon_core.verb:set package 'rsn' build argument 'ament_cmake_args' from command line to 'None'
[0.222s] Level 5:colcon.colcon_core.verb:set package 'rsn' build argument 'catkin_cmake_args' from command line to 'None'
[0.222s] Level 5:colcon.colcon_core.verb:set package 'rsn' build argument 'catkin_skip_building_tests' from command line to 'False'
[0.222s] DEBUG:colcon.colcon_core.verb:Building package 'rsn' with the following arguments: {'ament_cmake_args': None, 'build_base': '/home/huitao/ros2_ws/src/rsn/build/rsn', 'catkin_cmake_args': None, 'catkin_skip_building_tests': False, 'cmake_args': None, 'cmake_clean_cache': False, 'cmake_clean_first': False, 'cmake_force_configure': False, 'cmake_target': None, 'cmake_target_skip_unavailable': False, 'install_base': '/home/huitao/ros2_ws/src/rsn/install/rsn', 'merge_install': False, 'path': '/home/huitao/ros2_ws/src/rsn', 'symlink_install': False, 'test_result_base': None}
[0.222s] INFO:colcon.colcon_core.executor:Executing jobs using 'parallel' executor
[0.223s] DEBUG:colcon.colcon_parallel_executor.executor.parallel:run_until_complete
[0.223s] INFO:colcon.colcon_ros.task.ament_python.build:Building ROS package in '/home/huitao/ros2_ws/src/rsn' with build type 'ament_python'
[0.223s] Level 1:colcon.colcon_core.shell:create_environment_hook('rsn', 'ament_prefix_path')
[0.224s] INFO:colcon.colcon_core.plugin_system:Skipping extension 'colcon_core.shell.bat': Not used on non-Windows systems
[0.224s] INFO:colcon.colcon_core.shell:Creating environment hook '/home/huitao/ros2_ws/src/rsn/install/rsn/share/rsn/hook/ament_prefix_path.ps1'
[0.224s] INFO:colcon.colcon_core.shell:Creating environment descriptor '/home/huitao/ros2_ws/src/rsn/install/rsn/share/rsn/hook/ament_prefix_path.dsv'
[0.225s] INFO:colcon.colcon_core.shell:Creating environment hook '/home/huitao/ros2_ws/src/rsn/install/rsn/share/rsn/hook/ament_prefix_path.sh'
[0.225s] INFO:colcon.colcon_core.shell:Skip shell extension 'powershell' for command environment: Not usable outside of PowerShell
[0.225s] DEBUG:colcon.colcon_core.shell:Skip shell extension 'dsv' for command environment
[0.370s] INFO:colcon.colcon_core.task.python.build:Building Python package in '/home/huitao/ros2_ws/src/rsn'
[0.370s] INFO:colcon.colcon_core.shell:Skip shell extension 'powershell' for command environment: Not usable outside of PowerShell
[0.370s] DEBUG:colcon.colcon_core.shell:Skip shell extension 'dsv' for command environment
[0.595s] DEBUG:colcon.colcon_core.event_handler.log_command:Invoking command in '/home/huitao/ros2_ws/src/rsn': PYTHONPATH=/home/huitao/ros2_ws/src/rsn/build/rsn/prefix_override:/usr/lib/python3/dist-packages/colcon_core/task/python/colcon_distutils_commands:/home/huitao/ros2_ws/src/rsn/install/rsn/lib/python3.10/site-packages:${PYTHONPATH} /usr/bin/python3 -W ignore:setup.py install is deprecated -W ignore:easy_install command is deprecated setup.py egg_info --egg-base build/rsn build --build-base /home/huitao/ros2_ws/src/rsn/build/rsn/build install --record /home/huitao/ros2_ws/src/rsn/build/rsn/install.log --single-version-externally-managed install_data
[0.755s] DEBUG:colcon.colcon_core.event_handler.log_command:Invoked command in '/home/huitao/ros2_ws/src/rsn' returned '0': PYTHONPATH=/home/huitao/ros2_ws/src/rsn/build/rsn/prefix_override:/usr/lib/python3/dist-packages/colcon_core/task/python/colcon_distutils_commands:/home/huitao/ros2_ws/src/rsn/install/rsn/lib/python3.10/site-packages:${PYTHONPATH} /usr/bin/python3 -W ignore:setup.py install is deprecated -W ignore:easy_install command is deprecated setup.py egg_info --egg-base build/rsn build --build-base /home/huitao/ros2_ws/src/rsn/build/rsn/build install --record /home/huitao/ros2_ws/src/rsn/build/rsn/install.log --single-version-externally-managed install_data
[0.756s] Level 1:colcon.colcon_core.environment:checking '/home/huitao/ros2_ws/src/rsn/install/rsn' for CMake module files
[0.757s] Level 1:colcon.colcon_core.environment:checking '/home/huitao/ros2_ws/src/rsn/install/rsn' for CMake config files
[0.757s] Level 1:colcon.colcon_core.environment:checking '/home/huitao/ros2_ws/src/rsn/install/rsn/lib'
[0.757s] Level 1:colcon.colcon_core.environment:checking '/home/huitao/ros2_ws/src/rsn/install/rsn/bin'
[0.757s] Level 1:colcon.colcon_core.environment:checking '/home/huitao/ros2_ws/src/rsn/install/rsn/lib/pkgconfig/rsn.pc'
[0.757s] Level 1:colcon.colcon_core.environment:checking '/home/huitao/ros2_ws/src/rsn/install/rsn/lib/python3.10/site-packages'
[0.757s] Level 1:colcon.colcon_core.shell:create_environment_hook('rsn', 'pythonpath')
[0.757s] INFO:colcon.colcon_core.shell:Creating environment hook '/home/huitao/ros2_ws/src/rsn/install/rsn/share/rsn/hook/pythonpath.ps1'
[0.758s] INFO:colcon.colcon_core.shell:Creating environment descriptor '/home/huitao/ros2_ws/src/rsn/install/rsn/share/rsn/hook/pythonpath.dsv'
[0.758s] INFO:colcon.colcon_core.shell:Creating environment hook '/home/huitao/ros2_ws/src/rsn/install/rsn/share/rsn/hook/pythonpath.sh'
[0.758s] Level 1:colcon.colcon_core.environment:checking '/home/huitao/ros2_ws/src/rsn/install/rsn/bin'
[0.758s] Level 1:colcon.colcon_core.environment:create_environment_scripts_only(rsn)
[0.758s] INFO:colcon.colcon_core.shell:Creating package script '/home/huitao/ros2_ws/src/rsn/install/rsn/share/rsn/package.ps1'
[0.759s] INFO:colcon.colcon_core.shell:Creating package descriptor '/home/huitao/ros2_ws/src/rsn/install/rsn/share/rsn/package.dsv'
[0.759s] INFO:colcon.colcon_core.shell:Creating package script '/home/huitao/ros2_ws/src/rsn/install/rsn/share/rsn/package.sh'
[0.759s] INFO:colcon.colcon_core.shell:Creating package script '/home/huitao/ros2_ws/src/rsn/install/rsn/share/rsn/package.bash'
[0.759s] INFO:colcon.colcon_core.shell:Creating package script '/home/huitao/ros2_ws/src/rsn/install/rsn/share/rsn/package.zsh'
[0.760s] Level 1:colcon.colcon_core.environment:create_file_with_runtime_dependencies(/home/huitao/ros2_ws/src/rsn/install/rsn/share/colcon-core/packages/rsn)
[0.760s] DEBUG:colcon.colcon_parallel_executor.executor.parallel:closing loop
[0.760s] DEBUG:colcon.colcon_parallel_executor.executor.parallel:loop closed
[0.760s] DEBUG:colcon.colcon_parallel_executor.executor.parallel:run_until_complete finished with '0'
[0.760s] DEBUG:colcon.colcon_core.event_reactor:joining thread
[0.763s] INFO:colcon.colcon_core.plugin_system:Skipping extension 'colcon_notification.desktop_notification.terminal_notifier': Not used on non-Darwin systems
[0.763s] INFO:colcon.colcon_core.plugin_system:Skipping extension 'colcon_notification.desktop_notification.win32': Not used on non-Windows systems
[0.763s] INFO:colcon.colcon_notification.desktop_notification:Sending desktop notification using 'notify2'
[0.770s] DEBUG:colcon.colcon_core.event_reactor:joined thread
[0.770s] INFO:colcon.colcon_core.shell:Creating prefix script '/home/huitao/ros2_ws/src/rsn/install/local_setup.ps1'
[0.770s] INFO:colcon.colcon_core.shell:Creating prefix util module '/home/huitao/ros2_ws/src/rsn/install/_local_setup_util_ps1.py'
[0.771s] INFO:colcon.colcon_core.shell:Creating prefix chain script '/home/huitao/ros2_ws/src/rsn/install/setup.ps1'
[0.772s] INFO:colcon.colcon_core.shell:Creating prefix script '/home/huitao/ros2_ws/src/rsn/install/local_setup.sh'
[0.772s] INFO:colcon.colcon_core.shell:Creating prefix util module '/home/huitao/ros2_ws/src/rsn/install/_local_setup_util_sh.py'
[0.773s] INFO:colcon.colcon_core.shell:Creating prefix chain script '/home/huitao/ros2_ws/src/rsn/install/setup.sh'
[0.774s] INFO:colcon.colcon_core.shell:Creating prefix script '/home/huitao/ros2_ws/src/rsn/install/local_setup.bash'
[0.774s] INFO:colcon.colcon_core.shell:Creating prefix chain script '/home/huitao/ros2_ws/src/rsn/install/setup.bash'
[0.775s] INFO:colcon.colcon_core.shell:Creating prefix script '/home/huitao/ros2_ws/src/rsn/install/local_setup.zsh'
[0.775s] INFO:colcon.colcon_core.shell:Creating prefix chain script '/home/huitao/ros2_ws/src/rsn/install/setup.zsh'
