running egg_info
creating build/rsn/rsn.egg-info
writing build/rsn/rsn.egg-info/PKG-INFO
writing dependency_links to build/rsn/rsn.egg-info/dependency_links.txt
writing entry points to build/rsn/rsn.egg-info/entry_points.txt
writing requirements to build/rsn/rsn.egg-info/requires.txt
writing top-level names to build/rsn/rsn.egg-info/top_level.txt
writing manifest file 'build/rsn/rsn.egg-info/SOURCES.txt'
reading manifest file 'build/rsn/rsn.egg-info/SOURCES.txt'
adding license file 'LICENSE'
writing manifest file 'build/rsn/rsn.egg-info/SOURCES.txt'
running build
running build_py
creating /home/huitao/ros2_ws/src/rsn/build/rsn/build
creating /home/huitao/ros2_ws/src/rsn/build/rsn/build/lib
creating /home/huitao/ros2_ws/src/rsn/build/rsn/build/lib/rsn
copying rsn/__init__.py -> /home/huitao/ros2_ws/src/rsn/build/rsn/build/lib/rsn
copying rsn/gripper_node.py -> /home/huitao/ros2_ws/src/rsn/build/rsn/build/lib/rsn
copying rsn/demo_cordinator.py -> /home/huitao/ros2_ws/src/rsn/build/rsn/build/lib/rsn
copying rsn/zed_hand_node.py -> /home/huitao/ros2_ws/src/rsn/build/rsn/build/lib/rsn
copying rsn/xarm_controller_node.py -> /home/huitao/ros2_ws/src/rsn/build/rsn/build/lib/rsn
copying rsn/arm_node.py -> /home/huitao/ros2_ws/src/rsn/build/rsn/build/lib/rsn
running install
running install_lib
creating /home/huitao/ros2_ws/src/rsn/install/rsn/lib/python3.10/site-packages/rsn
copying /home/huitao/ros2_ws/src/rsn/build/rsn/build/lib/rsn/__init__.py -> /home/huitao/ros2_ws/src/rsn/install/rsn/lib/python3.10/site-packages/rsn
copying /home/huitao/ros2_ws/src/rsn/build/rsn/build/lib/rsn/gripper_node.py -> /home/huitao/ros2_ws/src/rsn/install/rsn/lib/python3.10/site-packages/rsn
copying /home/huitao/ros2_ws/src/rsn/build/rsn/build/lib/rsn/demo_cordinator.py -> /home/huitao/ros2_ws/src/rsn/install/rsn/lib/python3.10/site-packages/rsn
copying /home/huitao/ros2_ws/src/rsn/build/rsn/build/lib/rsn/zed_hand_node.py -> /home/huitao/ros2_ws/src/rsn/install/rsn/lib/python3.10/site-packages/rsn
copying /home/huitao/ros2_ws/src/rsn/build/rsn/build/lib/rsn/xarm_controller_node.py -> /home/huitao/ros2_ws/src/rsn/install/rsn/lib/python3.10/site-packages/rsn
copying /home/huitao/ros2_ws/src/rsn/build/rsn/build/lib/rsn/arm_node.py -> /home/huitao/ros2_ws/src/rsn/install/rsn/lib/python3.10/site-packages/rsn
byte-compiling /home/huitao/ros2_ws/src/rsn/install/rsn/lib/python3.10/site-packages/rsn/__init__.py to __init__.cpython-310.pyc
byte-compiling /home/huitao/ros2_ws/src/rsn/install/rsn/lib/python3.10/site-packages/rsn/gripper_node.py to gripper_node.cpython-310.pyc
byte-compiling /home/huitao/ros2_ws/src/rsn/install/rsn/lib/python3.10/site-packages/rsn/demo_cordinator.py to demo_cordinator.cpython-310.pyc
byte-compiling /home/huitao/ros2_ws/src/rsn/install/rsn/lib/python3.10/site-packages/rsn/zed_hand_node.py to zed_hand_node.cpython-310.pyc
byte-compiling /home/huitao/ros2_ws/src/rsn/install/rsn/lib/python3.10/site-packages/rsn/xarm_controller_node.py to xarm_controller_node.cpython-310.pyc
byte-compiling /home/huitao/ros2_ws/src/rsn/install/rsn/lib/python3.10/site-packages/rsn/arm_node.py to arm_node.cpython-310.pyc
running install_data
creating /home/huitao/ros2_ws/src/rsn/install/rsn/share/ament_index
creating /home/huitao/ros2_ws/src/rsn/install/rsn/share/ament_index/resource_index
creating /home/huitao/ros2_ws/src/rsn/install/rsn/share/ament_index/resource_index/packages
copying resource/rsn -> /home/huitao/ros2_ws/src/rsn/install/rsn/share/ament_index/resource_index/packages
copying package.xml -> /home/huitao/ros2_ws/src/rsn/install/rsn/share/rsn
creating /home/huitao/ros2_ws/src/rsn/install/rsn/share/rsn/config
copying config/xarm_controller_params.yaml -> /home/huitao/ros2_ws/src/rsn/install/rsn/share/rsn/config
creating /home/huitao/ros2_ws/src/rsn/install/rsn/share/rsn/launch
copying launch/handover_demo.launch.py -> /home/huitao/ros2_ws/src/rsn/install/rsn/share/rsn/launch
running install_egg_info
Copying build/rsn/rsn.egg-info to /home/huitao/ros2_ws/src/rsn/install/rsn/lib/python3.10/site-packages/rsn-0.0.0-py3.10.egg-info
running install_scripts
Installing demo_coordinator script to /home/huitao/ros2_ws/src/rsn/install/rsn/lib/rsn
Installing xarm_controller_node script to /home/huitao/ros2_ws/src/rsn/install/rsn/lib/rsn
Installing zed_hand_node script to /home/huitao/ros2_ws/src/rsn/install/rsn/lib/rsn
writing list of installed files to '/home/huitao/ros2_ws/src/rsn/build/rsn/install.log'
