[0.377s] Invoking command in '/home/huitao/ros2_ws/src/rsn': PYTHONPATH=/home/huitao/ros2_ws/src/rsn/build/rsn/prefix_override:/usr/lib/python3/dist-packages/colcon_core/task/python/colcon_distutils_commands:/home/huitao/ros2_ws/src/rsn/install/rsn/lib/python3.10/site-packages:${PYTHONPATH} /usr/bin/python3 -W ignore:setup.py install is deprecated -W ignore:easy_install command is deprecated setup.py egg_info --egg-base build/rsn build --build-base /home/huitao/ros2_ws/src/rsn/build/rsn/build install --record /home/huitao/ros2_ws/src/rsn/build/rsn/install.log --single-version-externally-managed install_data
[0.506s] running egg_info
[0.507s] writing build/rsn/rsn.egg-info/PKG-INFO
[0.507s] writing dependency_links to build/rsn/rsn.egg-info/dependency_links.txt
[0.507s] writing entry points to build/rsn/rsn.egg-info/entry_points.txt
[0.507s] writing requirements to build/rsn/rsn.egg-info/requires.txt
[0.507s] writing top-level names to build/rsn/rsn.egg-info/top_level.txt
[0.508s] reading manifest file 'build/rsn/rsn.egg-info/SOURCES.txt'
[0.508s] adding license file 'LICENSE'
[0.509s] writing manifest file 'build/rsn/rsn.egg-info/SOURCES.txt'
[0.509s] running build
[0.509s] running build_py
[0.509s] copying rsn/zed_hand_node.py -> /home/huitao/ros2_ws/src/rsn/build/rsn/build/lib/rsn
[0.509s] running install
[0.509s] running install_lib
[0.510s] copying /home/huitao/ros2_ws/src/rsn/build/rsn/build/lib/rsn/zed_hand_node.py -> /home/huitao/ros2_ws/src/rsn/install/rsn/lib/python3.10/site-packages/rsn
[0.510s] byte-compiling /home/huitao/ros2_ws/src/rsn/install/rsn/lib/python3.10/site-packages/rsn/zed_hand_node.py to zed_hand_node.cpython-310.pyc
[0.512s] running install_data
[0.512s] running install_egg_info
[0.513s] removing '/home/huitao/ros2_ws/src/rsn/install/rsn/lib/python3.10/site-packages/rsn-0.0.0-py3.10.egg-info' (and everything under it)
[0.513s] Copying build/rsn/rsn.egg-info to /home/huitao/ros2_ws/src/rsn/install/rsn/lib/python3.10/site-packages/rsn-0.0.0-py3.10.egg-info
[0.513s] running install_scripts
[0.523s] Installing demo_coordinator script to /home/huitao/ros2_ws/src/rsn/install/rsn/lib/rsn
[0.523s] Installing xarm_controller_node script to /home/huitao/ros2_ws/src/rsn/install/rsn/lib/rsn
[0.524s] Installing zed_hand_node script to /home/huitao/ros2_ws/src/rsn/install/rsn/lib/rsn
[0.524s] writing list of installed files to '/home/huitao/ros2_ws/src/rsn/build/rsn/install.log'
[0.534s] Invoked command in '/home/huitao/ros2_ws/src/rsn' returned '0': PYTHONPATH=/home/huitao/ros2_ws/src/rsn/build/rsn/prefix_override:/usr/lib/python3/dist-packages/colcon_core/task/python/colcon_distutils_commands:/home/huitao/ros2_ws/src/rsn/install/rsn/lib/python3.10/site-packages:${PYTHONPATH} /usr/bin/python3 -W ignore:setup.py install is deprecated -W ignore:easy_install command is deprecated setup.py egg_info --egg-base build/rsn build --build-base /home/huitao/ros2_ws/src/rsn/build/rsn/build install --record /home/huitao/ros2_ws/src/rsn/build/rsn/install.log --single-version-externally-managed install_data
