[0.404s] Invoking command in '/home/huitao/ros2_ws/src/rsn': PYTHONPATH=/home/huitao/ros2_ws/src/rsn/build/rsn/prefix_override:/usr/lib/python3/dist-packages/colcon_core/task/python/colcon_distutils_commands:/home/huitao/ros2_ws/src/rsn/install/rsn/lib/python3.10/site-packages:${PYTHONPATH} /usr/bin/python3 -W ignore:setup.py install is deprecated -W ignore:easy_install command is deprecated setup.py egg_info --egg-base build/rsn build --build-base /home/huitao/ros2_ws/src/rsn/build/rsn/build install --record /home/huitao/ros2_ws/src/rsn/build/rsn/install.log --single-version-externally-managed install_data
[0.539s] running egg_info
[0.540s] writing build/rsn/rsn.egg-info/PKG-INFO
[0.543s] writing dependency_links to build/rsn/rsn.egg-info/dependency_links.txt
[0.543s] writing entry points to build/rsn/rsn.egg-info/entry_points.txt
[0.543s] writing requirements to build/rsn/rsn.egg-info/requires.txt
[0.543s] writing top-level names to build/rsn/rsn.egg-info/top_level.txt
[0.545s] reading manifest file 'build/rsn/rsn.egg-info/SOURCES.txt'
[0.545s] adding license file 'LICENSE'
[0.545s] writing manifest file 'build/rsn/rsn.egg-info/SOURCES.txt'
[0.546s] running build
[0.546s] running build_py
[0.546s] copying rsn/demo_cordinator.py -> /home/huitao/ros2_ws/src/rsn/build/rsn/build/lib/rsn
[0.546s] copying rsn/zed_hand_node.py -> /home/huitao/ros2_ws/src/rsn/build/rsn/build/lib/rsn
[0.546s] copying rsn/xarm_controller_node.py -> /home/huitao/ros2_ws/src/rsn/build/rsn/build/lib/rsn
[0.547s] running install
[0.547s] running install_lib
[0.547s] copying /home/huitao/ros2_ws/src/rsn/build/rsn/build/lib/rsn/demo_cordinator.py -> /home/huitao/ros2_ws/src/rsn/install/rsn/lib/python3.10/site-packages/rsn
[0.547s] copying /home/huitao/ros2_ws/src/rsn/build/rsn/build/lib/rsn/zed_hand_node.py -> /home/huitao/ros2_ws/src/rsn/install/rsn/lib/python3.10/site-packages/rsn
[0.547s] copying /home/huitao/ros2_ws/src/rsn/build/rsn/build/lib/rsn/xarm_controller_node.py -> /home/huitao/ros2_ws/src/rsn/install/rsn/lib/python3.10/site-packages/rsn
[0.548s] byte-compiling /home/huitao/ros2_ws/src/rsn/install/rsn/lib/python3.10/site-packages/rsn/demo_cordinator.py to demo_cordinator.cpython-310.pyc
[0.549s] byte-compiling /home/huitao/ros2_ws/src/rsn/install/rsn/lib/python3.10/site-packages/rsn/zed_hand_node.py to zed_hand_node.cpython-310.pyc
[0.550s] byte-compiling /home/huitao/ros2_ws/src/rsn/install/rsn/lib/python3.10/site-packages/rsn/xarm_controller_node.py to xarm_controller_node.cpython-310.pyc
[0.552s] running install_data
[0.552s] copying config/xarm_controller_params.yaml -> /home/huitao/ros2_ws/src/rsn/install/rsn/share/rsn/config
[0.552s] copying launch/handover_demo.launch.py -> /home/huitao/ros2_ws/src/rsn/install/rsn/share/rsn/launch
[0.552s] running install_egg_info
[0.553s] removing '/home/huitao/ros2_ws/src/rsn/install/rsn/lib/python3.10/site-packages/rsn-0.0.0-py3.10.egg-info' (and everything under it)
[0.553s] Copying build/rsn/rsn.egg-info to /home/huitao/ros2_ws/src/rsn/install/rsn/lib/python3.10/site-packages/rsn-0.0.0-py3.10.egg-info
[0.554s] running install_scripts
[0.564s] Installing demo_coordinator script to /home/huitao/ros2_ws/src/rsn/install/rsn/lib/rsn
[0.564s] Installing xarm_controller_node script to /home/huitao/ros2_ws/src/rsn/install/rsn/lib/rsn
[0.564s] Installing zed_hand_node script to /home/huitao/ros2_ws/src/rsn/install/rsn/lib/rsn
[0.564s] writing list of installed files to '/home/huitao/ros2_ws/src/rsn/build/rsn/install.log'
[0.574s] Invoked command in '/home/huitao/ros2_ws/src/rsn' returned '0': PYTHONPATH=/home/huitao/ros2_ws/src/rsn/build/rsn/prefix_override:/usr/lib/python3/dist-packages/colcon_core/task/python/colcon_distutils_commands:/home/huitao/ros2_ws/src/rsn/install/rsn/lib/python3.10/site-packages:${PYTHONPATH} /usr/bin/python3 -W ignore:setup.py install is deprecated -W ignore:easy_install command is deprecated setup.py egg_info --egg-base build/rsn build --build-base /home/huitao/ros2_ws/src/rsn/build/rsn/build install --record /home/huitao/ros2_ws/src/rsn/build/rsn/install.log --single-version-externally-managed install_data
