/home/huitao/ros2_ws/src/rsn/install/rsn/lib/python3.10/site-packages/rsn/__init__.py
/home/huitao/ros2_ws/src/rsn/install/rsn/lib/python3.10/site-packages/rsn/gripper_node.py
/home/huitao/ros2_ws/src/rsn/install/rsn/lib/python3.10/site-packages/rsn/demo_cordinator.py
/home/huitao/ros2_ws/src/rsn/install/rsn/lib/python3.10/site-packages/rsn/zed_hand_node.py
/home/huitao/ros2_ws/src/rsn/install/rsn/lib/python3.10/site-packages/rsn/xarm_controller_node.py
/home/huitao/ros2_ws/src/rsn/install/rsn/lib/python3.10/site-packages/rsn/arm_node.py
/home/huitao/ros2_ws/src/rsn/install/rsn/lib/python3.10/site-packages/rsn/__pycache__/__init__.cpython-310.pyc
/home/huitao/ros2_ws/src/rsn/install/rsn/lib/python3.10/site-packages/rsn/__pycache__/gripper_node.cpython-310.pyc
/home/huitao/ros2_ws/src/rsn/install/rsn/lib/python3.10/site-packages/rsn/__pycache__/demo_cordinator.cpython-310.pyc
/home/huitao/ros2_ws/src/rsn/install/rsn/lib/python3.10/site-packages/rsn/__pycache__/zed_hand_node.cpython-310.pyc
/home/huitao/ros2_ws/src/rsn/install/rsn/lib/python3.10/site-packages/rsn/__pycache__/xarm_controller_node.cpython-310.pyc
/home/huitao/ros2_ws/src/rsn/install/rsn/lib/python3.10/site-packages/rsn/__pycache__/arm_node.cpython-310.pyc
/home/huitao/ros2_ws/src/rsn/install/rsn/share/ament_index/resource_index/packages/rsn
/home/huitao/ros2_ws/src/rsn/install/rsn/share/rsn/package.xml
/home/huitao/ros2_ws/src/rsn/install/rsn/share/rsn/config/xarm_controller_params.yaml
/home/huitao/ros2_ws/src/rsn/install/rsn/share/rsn/launch/handover_demo.launch.py
/home/huitao/ros2_ws/src/rsn/install/rsn/lib/python3.10/site-packages/rsn-0.0.0-py3.10.egg-info/SOURCES.txt
/home/huitao/ros2_ws/src/rsn/install/rsn/lib/python3.10/site-packages/rsn-0.0.0-py3.10.egg-info/entry_points.txt
/home/huitao/ros2_ws/src/rsn/install/rsn/lib/python3.10/site-packages/rsn-0.0.0-py3.10.egg-info/requires.txt
/home/huitao/ros2_ws/src/rsn/install/rsn/lib/python3.10/site-packages/rsn-0.0.0-py3.10.egg-info/top_level.txt
/home/huitao/ros2_ws/src/rsn/install/rsn/lib/python3.10/site-packages/rsn-0.0.0-py3.10.egg-info/dependency_links.txt
/home/huitao/ros2_ws/src/rsn/install/rsn/lib/python3.10/site-packages/rsn-0.0.0-py3.10.egg-info/PKG-INFO
/home/huitao/ros2_ws/src/rsn/install/rsn/lib/python3.10/site-packages/rsn-0.0.0-py3.10.egg-info/zip-safe
/home/huitao/ros2_ws/src/rsn/install/rsn/lib/rsn/demo_coordinator
/home/huitao/ros2_ws/src/rsn/install/rsn/lib/rsn/xarm_controller_node
/home/huitao/ros2_ws/src/rsn/install/rsn/lib/rsn/zed_hand_node
